#
# There is insufficient memory for the Java Runtime Environment to continue.
# Native memory allocation (mmap) failed to map 67108864 bytes for G1 virtual space
# Possible reasons:
#   The system is out of physical RAM or swap space
#   The process is running with CompressedOops enabled, and the Java Heap may be blocking the growth of the native heap
# Possible solutions:
#   Reduce memory load on the system
#   Increase physical memory or swap space
#   Check if swap backing store is full
#   Decrease Java heap size (-Xmx/-Xms)
#   Decrease number of Java threads
#   Decrease Java thread stack sizes (-Xss)
#   Set larger code cache with -XX:ReservedCodeCacheSize=
#   JVM is running with Unscaled Compressed Oops mode in which the Java heap is
#     placed in the first 4GB address space. The Java Heap base address is the
#     maximum limit for the native heap growth. Please use -XX:HeapBaseMinAddress
#     to set the Java Heap base and to place the Java Heap above 4GB virtual address.
# This output file may be truncated or incomplete.
#
#  Out of Memory Error (os_windows.cpp:3528), pid=17460, tid=7224
#
# JRE version:  (20.0.1+9) (build )
# Java VM: Java HotSpot(TM) 64-Bit Server VM (20.0.1+9-29, mixed mode, sharing, tiered, compressed oops, compressed class ptrs, g1 gc, windows-amd64)
# No core dump will be written. Minidumps are not enabled by default on client versions of Windows
#

---------------  S U M M A R Y ------------

Command Line: -Dfile.encoding=UTF-8 -XX:+ShowCodeDetailsInExceptionMessages employee.management.system.AddEmployee

Host: Intel(R) Core(TM) i5-8265U CPU @ 1.60GHz, 8 cores, 3G,  Windows 11 , 64 bit Build 22621 (10.0.22621.2070)
Time: Fri Aug 25 11:56:08 2023 India Standard Time elapsed time: 0.011974 seconds (0d 0h 0m 0s)

---------------  T H R E A D  ---------------

Current thread (0x00000293af8978d0):  JavaThread "Unknown thread" [_thread_in_vm, id=7224, stack(0x000000d1d9500000,0x000000d1d9600000)]

Stack: [0x000000d1d9500000,0x000000d1d9600000]
Native frames: (J=compiled Java code, j=interpreted, Vv=VM code, C=native code)
V  [jvm.dll+0x6bb95a]
V  [jvm.dll+0x8485fa]
V  [jvm.dll+0x84a1f5]
V  [jvm.dll+0x84a8f3]
V  [jvm.dll+0x280b0f]
V  [jvm.dll+0x6b86e9]
V  [jvm.dll+0x6ad2da]
V  [jvm.dll+0x35adf5]
V  [jvm.dll+0x363016]
V  [jvm.dll+0x3b3b3e]
V  [jvm.dll+0x3b3dc5]
V  [jvm.dll+0x32b50a]
V  [jvm.dll+0x32c32b]
V  [jvm.dll+0x8112bf]
V  [jvm.dll+0x3c0d91]
V  [jvm.dll+0x7fcfe3]
V  [jvm.dll+0x44c76f]
V  [jvm.dll+0x44e0e1]
C  [jli.dll+0x5287]
C  [ucrtbase.dll+0x29363]
C  [KERNEL32.DLL+0x126ad]
C  [ntdll.dll+0x5aa68]


---------------  P R O C E S S  ---------------

Threads class SMR info:
_java_thread_list=0x00007ff93cd3a098, length=0, elements={
}

Java Threads: ( => current thread )

Other Threads:
  0x00000293af8da750 WorkerThread "GC Thread#0" [stack: 0x000000d1d9600000,0x000000d1d9700000] [id=27776]
  0x00000293af8e32a0 ConcurrentGCThread "G1 Main Marker" [stack: 0x000000d1d9700000,0x000000d1d9800000] [id=10832]
  0x00000293af8e4770 WorkerThread "G1 Conc#0" [stack: 0x000000d1d9800000,0x000000d1d9900000] [id=18696]

[error occurred during error reporting (printing all threads), id 0xc0000005, EXCEPTION_ACCESS_VIOLATION (0xc0000005) at pc=0x00007ff93c51eb47]
VM state: not at safepoint (not fully initialized)

VM Mutex/Monitor currently owned by a thread:  ([mutex/lock_event])
[0x00000293af893230] Heap_lock - owner thread: 0x00000293af8978d0

Heap address: 0x00000000c1e00000, size: 994 MB, Compressed Oops mode: 32-bit

CDS archive(s) mapped at: [0x0000000000000000-0x0000000000000000-0x0000000000000000), size 0, SharedBaseAddress: 0x0000000800000000, ArchiveRelocationMode: 0.
Narrow klass base: 0x0000000000000000, Narrow klass shift: 0, Narrow klass range: 0x0

GC Precious Log:
 CardTable entry size: 512
 Card Set container configuration: InlinePtr #cards 5 size 8 Array Of Cards #cards 12 size 40 Howl #buckets 4 coarsen threshold 1843 Howl Bitmap #cards 512 size 80 coarsen threshold 460 Card regions per heap region 1 cards per card region 2048

Heap:
 garbage-first heap   total 0K, used 0K [0x00000000c1e00000, 0x0000000100000000)
  region size 1024K, 0 young (0K), 0 survivors (0K)

[error occurred during error reporting (printing heap information), id 0xc0000005, EXCEPTION_ACCESS_VIOLATION (0xc0000005) at pc=0x00007ff93c8f3c59]
GC Heap History (0 events):
No events

Dll operation events (1 events):
Event: 0.006 Loaded shared library C:\Program Files\Java\jdk-20\bin\java.dll

Deoptimization events (0 events):
No events

Classes loaded (0 events):
No events

Classes unloaded (0 events):
No events

Classes redefined (0 events):
No events

Internal exceptions (0 events):
No events

VM Operations (0 events):
No events

Events (0 events):
No events


Dynamic libraries:
0x00007ff66f2a0000 - 0x00007ff66f2b0000 	C:\Program Files\Java\jdk-20\bin\javaw.exe
0x00007ff98f430000 - 0x00007ff98f644000 	C:\WINDOWS\SYSTEM32\ntdll.dll
0x00007ff98e460000 - 0x00007ff98e524000 	C:\WINDOWS\System32\KERNEL32.DLL
0x00007ff98c890000 - 0x00007ff98cc34000 	C:\WINDOWS\System32\KERNELBASE.dll
0x00007ff98cf40000 - 0x00007ff98d051000 	C:\WINDOWS\System32\ucrtbase.dll
0x00007ff986740000 - 0x00007ff986759000 	C:\Program Files\Java\jdk-20\bin\jli.dll
0x00007ff980cc0000 - 0x00007ff980cdb000 	C:\Program Files\Java\jdk-20\bin\VCRUNTIME140.dll
0x00007ff98e530000 - 0x00007ff98e5e0000 	C:\WINDOWS\System32\ADVAPI32.dll
0x00007ff98e970000 - 0x00007ff98ea17000 	C:\WINDOWS\System32\msvcrt.dll
0x00007ff98f340000 - 0x00007ff98f3e6000 	C:\WINDOWS\System32\sechost.dll
0x00007ff98f100000 - 0x00007ff98f217000 	C:\WINDOWS\System32\RPCRT4.dll
0x00007ff98da20000 - 0x00007ff98dbca000 	C:\WINDOWS\System32\USER32.dll
0x00007ff98cc40000 - 0x00007ff98cc66000 	C:\WINDOWS\System32\win32u.dll
0x00007ff97c410000 - 0x00007ff97c69f000 	C:\WINDOWS\WinSxS\amd64_microsoft.windows.common-controls_6595b64144ccf1df_6.0.22621.2070_none_2713e6537381f706\COMCTL32.dll
0x00007ff98d1f0000 - 0x00007ff98d219000 	C:\WINDOWS\System32\GDI32.dll
0x00007ff98d060000 - 0x00007ff98d179000 	C:\WINDOWS\System32\gdi32full.dll
0x00007ff98cea0000 - 0x00007ff98cf3a000 	C:\WINDOWS\System32\msvcp_win.dll
0x00007ff9855c0000 - 0x00007ff9855ca000 	C:\WINDOWS\SYSTEM32\VERSION.dll
0x00007ff98eeb0000 - 0x00007ff98eee1000 	C:\WINDOWS\System32\IMM32.DLL
0x00007ff983be0000 - 0x00007ff983bec000 	C:\Program Files\Java\jdk-20\bin\vcruntime140_1.dll
0x00007ff9755a0000 - 0x00007ff97562e000 	C:\Program Files\Java\jdk-20\bin\msvcp140.dll
0x00007ff93c1e0000 - 0x00007ff93ce77000 	C:\Program Files\Java\jdk-20\bin\server\jvm.dll
0x00007ff980ad0000 - 0x00007ff980ad9000 	C:\WINDOWS\SYSTEM32\WSOCK32.dll
0x00007ff985920000 - 0x00007ff985954000 	C:\WINDOWS\SYSTEM32\WINMM.dll
0x00007ff98f080000 - 0x00007ff98f0f1000 	C:\WINDOWS\System32\WS2_32.dll
0x00007ff98b850000 - 0x00007ff98b868000 	C:\WINDOWS\SYSTEM32\kernel.appcore.dll
0x00007ff980ac0000 - 0x00007ff980aca000 	C:\Program Files\Java\jdk-20\bin\jimage.dll
0x00007ff98a380000 - 0x00007ff98a5ae000 	C:\WINDOWS\SYSTEM32\DBGHELP.DLL
0x00007ff98ea20000 - 0x00007ff98edaa000 	C:\WINDOWS\System32\combase.dll
0x00007ff98efa0000 - 0x00007ff98f077000 	C:\WINDOWS\System32\OLEAUT32.dll
0x00007ff984430000 - 0x00007ff984462000 	C:\WINDOWS\SYSTEM32\dbgcore.DLL
0x00007ff98c810000 - 0x00007ff98c88a000 	C:\WINDOWS\System32\bcryptPrimitives.dll
0x00007ff978060000 - 0x00007ff978086000 	C:\Program Files\Java\jdk-20\bin\java.dll

dbghelp: loaded successfully - version: 4.0.5 - missing functions: none
symbol engine: initialized successfully - sym options: 0x614 - pdb path: .;C:\Program Files\Java\jdk-20\bin;C:\WINDOWS\SYSTEM32;C:\WINDOWS\WinSxS\amd64_microsoft.windows.common-controls_6595b64144ccf1df_6.0.22621.2070_none_2713e6537381f706;C:\Program Files\Java\jdk-20\bin\server

VM Arguments:
jvm_args: -Dfile.encoding=UTF-8 -XX:+ShowCodeDetailsInExceptionMessages 
java_command: employee.management.system.AddEmployee
java_class_path (initial): C:\Users\Admin\Desktop\My Java Project\Employee Management System\bin;C:\Users\Admin\Downloads\mysql-connector-java-8.0.28.jar;C:\Users\Admin\Downloads\jcalendar-tz-1.3.3-4.jar
Launcher Type: SUN_STANDARD

[Global flags]
     intx CICompilerCount                          = 4                                         {product} {ergonomic}
     uint ConcGCThreads                            = 2                                         {product} {ergonomic}
     uint G1ConcRefinementThreads                  = 8                                         {product} {ergonomic}
   size_t G1HeapRegionSize                         = 1048576                                   {product} {ergonomic}
    uintx GCDrainStackTargetSize                   = 64                                        {product} {ergonomic}
   size_t InitialHeapSize                          = 67108864                                  {product} {ergonomic}
   size_t MarkStackSize                            = 4194304                                   {product} {ergonomic}
   size_t MaxHeapSize                              = 1042284544                                {product} {ergonomic}
   size_t MinHeapDeltaBytes                        = 1048576                                   {product} {ergonomic}
   size_t MinHeapSize                              = 8388608                                   {product} {ergonomic}
    uintx NonNMethodCodeHeapSize                   = 5839372                                {pd product} {ergonomic}
    uintx NonProfiledCodeHeapSize                  = 122909434                              {pd product} {ergonomic}
    uintx ProfiledCodeHeapSize                     = 122909434                              {pd product} {ergonomic}
    uintx ReservedCodeCacheSize                    = 251658240                              {pd product} {ergonomic}
     bool SegmentedCodeCache                       = true                                      {product} {ergonomic}
     bool ShowCodeDetailsInExceptionMessages       = true                                   {manageable} {command line}
   size_t SoftMaxHeapSize                          = 1042284544                             {manageable} {ergonomic}
     bool UseCompressedClassPointers               = true                           {product lp64_product} {ergonomic}
     bool UseCompressedOops                        = true                           {product lp64_product} {ergonomic}
     bool UseG1GC                                  = true                                      {product} {ergonomic}
     bool UseLargePagesIndividualAllocation        = false                                  {pd product} {ergonomic}

Logging:
Log output configuration:
 #0: stdout all=warning uptime,level,tags foldmultilines=false
 #1: stderr all=off uptime,level,tags foldmultilines=false

Environment Variables:
JAVA_HOME=C:\Program Files\Java\jdk-1.8
PATH=C:\Program Files\Common Files\Oracle\Java\javapath;C:\Program Files (x86)\Common Files\Oracle\Java\javapath;C:\WINDOWS\system32;C:\WINDOWS;C:\WINDOWS\System32\Wbem;C:\WINDOWS\System32\WindowsPowerShell\v1.0\;C:\WINDOWS\System32\OpenSSH\;C:\Users\Admin\AppData\Local\Microsoft\WindowsApps;C:\Users\Admin\AppData\Local\Programs\Microsoft VS Code\bin;C:\MinGW\bin;C:\Program Files\MySQL\MySQL Server 8.0;C:\Program Files\MySQL\MySQL Server 8.0\bin;C:\Users\Admin\Desktop\90fps\platform-tools;C:\Program Files\Java\jdk-19\bin;C:\Program Files\Java\jdk-20\bin;C:\Program Files\MySQL\MySQL Shell 8.0\bin\;C:\Users\Admin\AppData\Local\Microsoft\WindowsApps;;C:\Users\Admin\AppData\Local\Programs\Microsoft VS Code\bin;C:\Program Files\JetBrains\IntelliJ IDEA Community Edition 2023.1.2\bin;
USERNAME=Admin
OS=Windows_NT
PROCESSOR_IDENTIFIER=Intel64 Family 6 Model 142 Stepping 12, GenuineIntel
TMP=C:\Users\Admin\AppData\Local\Temp
TEMP=C:\Users\Admin\AppData\Local\Temp




---------------  S Y S T E M  ---------------

OS:
 Windows 11 , 64 bit Build 22621 (10.0.22621.2070)
OS uptime: 8 days 22:56 hours

CPU: total 8 (initial active 8) (4 cores per cpu, 2 threads per core) family 6 model 142 stepping 12 microcode 0xde, cx8, cmov, fxsr, ht, mmx, 3dnowpref, sse, sse2, sse3, ssse3, sse4.1, sse4.2, popcnt, lzcnt, tsc, tscinvbit, avx, avx2, aes, erms, clmul, bmi1, bmi2, adx, fma, vzeroupper, clflush, clflushopt, rdtscp, f16c

Memory: 4k page, system-wide physical 3975M (411M free)
TotalPageFile size 16263M (AvailPageFile size 61M)
current process WorkingSet (physical memory assigned to process): 11M, peak: 11M
current process commit charge ("private bytes"): 60M, peak: 124M

vm_info: Java HotSpot(TM) 64-Bit Server VM (20.0.1+9-29) for windows-amd64 JRE (20.0.1+9-29), built on 2023-03-07T13:56:11Z by "mach5one" with MS VC++ 17.1 (VS2022)

END.
